<?xml version="1.0" encoding="UTF-8"?>
<testsuite name="com.codegym.CustomerControllerTest" tests="2" skipped="0" failures="0" errors="0" timestamp="2021-08-02T08:36:07" hostname="AircuaNguyen2" time="0.871">
  <properties/>
  <testcase name="customersListTestURL()" classname="com.codegym.CustomerControllerTest" time="0.82"/>
  <testcase name="customersListTestView()" classname="com.codegym.CustomerControllerTest" time="0.048"/>
  <system-out><![CDATA[]]></system-out>
  <system-err><![CDATA[SLF4J: Failed to load class "org.slf4j.impl.StaticLoggerBinder".
SLF4J: Defaulting to no-operation (NOP) logger implementation
SLF4J: See http://www.slf4j.org/codes.html#StaticLoggerBinder for further details.
]]></system-err>
</testsuite>
